10/04/2017 02:18:36 AM root   INFO: Girl1 is looking guy Boy1
10/04/2017 02:18:36 AM root   INFO: Girl1 is in realtionship with Boy1
10/04/2017 02:18:36 AM root   INFO: Girl2 is looking guy Boy1
10/04/2017 02:18:36 AM root   INFO: Girl2 is looking guy Boy2
10/04/2017 02:18:36 AM root   INFO: Girl2 is looking guy Boy3
10/04/2017 02:18:36 AM root   INFO: Girl2 is looking guy Boy4
10/04/2017 02:18:36 AM root   INFO: Girl2 is looking guy Boy5
10/04/2017 02:18:36 AM root   INFO: Girl2 is looking guy Boy6
10/04/2017 02:18:36 AM root   INFO: Girl2 is looking guy Boy7
10/04/2017 02:18:36 AM root   INFO: Girl2 is looking guy Boy8
10/04/2017 02:18:36 AM root   INFO: Girl2 is looking guy Boy9
10/04/2017 02:18:36 AM root   INFO: Girl2 is in realtionship with Boy9
10/04/2017 02:18:36 AM root   INFO: Girl3 is looking guy Boy1
10/04/2017 02:18:36 AM root   INFO: Girl3 is looking guy Boy2
10/04/2017 02:18:36 AM root   INFO: Girl3 is in realtionship with Boy2
10/04/2017 02:18:36 AM root   INFO: Girl4 is looking guy Boy1
10/04/2017 02:18:36 AM root   INFO: Girl4 is looking guy Boy2
10/04/2017 02:18:36 AM root   INFO: Girl4 is looking guy Boy3
10/04/2017 02:18:36 AM root   INFO: Girl4 is in realtionship with Boy3
10/04/2017 02:18:36 AM root   INFO: Girl5 is looking guy Boy1
10/04/2017 02:18:36 AM root   INFO: Girl5 is looking guy Boy2
10/04/2017 02:18:36 AM root   INFO: Girl5 is looking guy Boy3
10/04/2017 02:18:36 AM root   INFO: Girl5 is looking guy Boy4
10/04/2017 02:18:36 AM root   INFO: Girl5 is in realtionship with Boy4
10/04/2017 02:18:36 AM root   INFO: Girl6 is looking guy Boy1
10/04/2017 02:18:36 AM root   INFO: Girl6 is looking guy Boy2
10/04/2017 02:18:36 AM root   INFO: Girl6 is looking guy Boy3
10/04/2017 02:18:36 AM root   INFO: Girl6 is looking guy Boy4
10/04/2017 02:18:36 AM root   INFO: Girl6 is looking guy Boy5
10/04/2017 02:18:36 AM root   INFO: Girl6 is looking guy Boy6
10/04/2017 02:18:36 AM root   INFO: Girl6 is looking guy Boy7
10/04/2017 02:18:36 AM root   INFO: Girl6 is looking guy Boy8
10/04/2017 02:18:36 AM root   INFO: Girl6 is in realtionship with Boy8
10/04/2017 02:18:36 AM root   INFO: Girl7 is looking guy Boy1
10/04/2017 02:18:36 AM root   INFO: Girl7 is looking guy Boy2
10/04/2017 02:18:36 AM root   INFO: Girl7 is looking guy Boy3
10/04/2017 02:18:36 AM root   INFO: Girl7 is looking guy Boy4
10/04/2017 02:18:36 AM root   INFO: Girl7 is looking guy Boy5
10/04/2017 02:18:36 AM root   INFO: Girl7 is looking guy Boy6
10/04/2017 02:18:36 AM root   INFO: Girl7 is looking guy Boy7
10/04/2017 02:18:36 AM root   INFO: Girl7 is looking guy Boy8
10/04/2017 02:18:36 AM root   INFO: Girl7 is looking guy Boy9
10/04/2017 02:18:36 AM root   INFO: Girl7 is looking guy Boy10
10/04/2017 02:18:36 AM root   INFO: Girl7 is looking guy Boy11
10/04/2017 02:18:36 AM root   INFO: Girl7 is looking guy Boy12
10/04/2017 02:18:36 AM root   INFO: Girl7 is looking guy Boy13
10/04/2017 02:18:36 AM root   INFO: Girl7 is looking guy Boy14
10/04/2017 02:18:36 AM root   INFO: Girl7 is looking guy Boy15
10/04/2017 02:18:36 AM root   INFO: Girl7 is looking guy Boy16
10/04/2017 02:18:36 AM root   INFO: Girl7 is looking guy Boy17
10/04/2017 02:18:36 AM root   INFO: Girl7 is looking guy Boy18
10/04/2017 02:18:36 AM root   INFO: Girl7 is looking guy Boy19
10/04/2017 02:18:36 AM root   INFO: Girl7 is looking guy Boy20
10/04/2017 02:18:36 AM root   INFO: Girl7 is looking guy Boy21
10/04/2017 02:18:36 AM root   INFO: Girl7 is looking guy Boy22
10/04/2017 02:18:36 AM root   INFO: Girl7 is looking guy Boy23
10/04/2017 02:18:36 AM root   INFO: Girl7 is looking guy Boy24
10/04/2017 02:18:36 AM root   INFO: Girl7 is looking guy Boy25
10/04/2017 02:18:36 AM root   INFO: Girl7 is looking guy Boy26
10/04/2017 02:18:36 AM root   INFO: Girl7 is looking guy Boy27
10/04/2017 02:18:36 AM root   INFO: Girl7 is in realtionship with Boy27
10/04/2017 02:18:36 AM root   INFO: Girl8 is looking guy Boy1
10/04/2017 02:18:36 AM root   INFO: Girl8 is looking guy Boy2
10/04/2017 02:18:36 AM root   INFO: Girl8 is looking guy Boy3
10/04/2017 02:18:36 AM root   INFO: Girl8 is looking guy Boy4
10/04/2017 02:18:36 AM root   INFO: Girl8 is looking guy Boy5
10/04/2017 02:18:36 AM root   INFO: Girl8 is looking guy Boy6
10/04/2017 02:18:36 AM root   INFO: Girl8 is looking guy Boy7
10/04/2017 02:18:36 AM root   INFO: Girl8 is looking guy Boy8
10/04/2017 02:18:36 AM root   INFO: Girl8 is looking guy Boy9
10/04/2017 02:18:36 AM root   INFO: Girl8 is looking guy Boy10
10/04/2017 02:18:36 AM root   INFO: Girl8 is in realtionship with Boy10
10/04/2017 02:18:36 AM root   INFO: Girl9 is looking guy Boy1
10/04/2017 02:18:36 AM root   INFO: Girl9 is looking guy Boy2
10/04/2017 02:18:36 AM root   INFO: Girl9 is looking guy Boy3
10/04/2017 02:18:36 AM root   INFO: Girl9 is looking guy Boy4
10/04/2017 02:18:36 AM root   INFO: Girl9 is looking guy Boy5
10/04/2017 02:18:36 AM root   INFO: Girl9 is looking guy Boy6
10/04/2017 02:18:36 AM root   INFO: Girl9 is looking guy Boy7
10/04/2017 02:18:36 AM root   INFO: Girl9 is looking guy Boy8
10/04/2017 02:18:36 AM root   INFO: Girl9 is looking guy Boy9
10/04/2017 02:18:36 AM root   INFO: Girl9 is looking guy Boy10
10/04/2017 02:18:36 AM root   INFO: Girl9 is looking guy Boy11
10/04/2017 02:18:36 AM root   INFO: Girl9 is looking guy Boy12
10/04/2017 02:18:36 AM root   INFO: Girl9 is looking guy Boy13
10/04/2017 02:18:36 AM root   INFO: Girl9 is looking guy Boy14
10/04/2017 02:18:36 AM root   INFO: Girl9 is looking guy Boy15
10/04/2017 02:18:36 AM root   INFO: Girl9 is looking guy Boy16
10/04/2017 02:18:36 AM root   INFO: Girl9 is looking guy Boy17
10/04/2017 02:18:36 AM root   INFO: Girl9 is looking guy Boy18
10/04/2017 02:18:36 AM root   INFO: Girl9 is looking guy Boy19
10/04/2017 02:18:36 AM root   INFO: Girl9 is looking guy Boy20
10/04/2017 02:18:36 AM root   INFO: Girl9 is looking guy Boy21
10/04/2017 02:18:36 AM root   INFO: Girl9 is looking guy Boy22
10/04/2017 02:18:36 AM root   INFO: Girl9 is looking guy Boy23
10/04/2017 02:18:36 AM root   INFO: Girl9 is looking guy Boy24
10/04/2017 02:18:36 AM root   INFO: Girl9 is looking guy Boy25
10/04/2017 02:18:36 AM root   INFO: Girl9 is looking guy Boy26
10/04/2017 02:18:36 AM root   INFO: Girl9 is looking guy Boy27
10/04/2017 02:18:36 AM root   INFO: Girl9 is looking guy Boy28
10/04/2017 02:18:36 AM root   INFO: Girl9 is looking guy Boy29
10/04/2017 02:18:36 AM root   INFO: Girl9 is looking guy Boy30
10/04/2017 02:18:36 AM root   INFO: Girl9 is looking guy Boy31
10/04/2017 02:18:36 AM root   INFO: Girl9 is looking guy Boy32
10/04/2017 02:18:36 AM root   INFO: Girl9 is looking guy Boy33
10/04/2017 02:18:36 AM root   INFO: Girl9 is looking guy Boy34
10/04/2017 02:18:36 AM root   INFO: Girl9 is looking guy Boy35
10/04/2017 02:18:36 AM root   INFO: Girl9 is in realtionship with Boy35
10/04/2017 02:18:36 AM root   INFO: Girl10 is looking guy Boy1
10/04/2017 02:18:36 AM root   INFO: Girl10 is looking guy Boy2
10/04/2017 02:18:36 AM root   INFO: Girl10 is looking guy Boy3
10/04/2017 02:18:36 AM root   INFO: Girl10 is looking guy Boy4
10/04/2017 02:18:36 AM root   INFO: Girl10 is looking guy Boy5
10/04/2017 02:18:36 AM root   INFO: Girl10 is looking guy Boy6
10/04/2017 02:18:36 AM root   INFO: Girl10 is looking guy Boy7
10/04/2017 02:18:36 AM root   INFO: Girl10 is looking guy Boy8
10/04/2017 02:18:36 AM root   INFO: Girl10 is looking guy Boy9
10/04/2017 02:18:36 AM root   INFO: Girl10 is looking guy Boy10
10/04/2017 02:18:36 AM root   INFO: Girl10 is looking guy Boy11
10/04/2017 02:18:36 AM root   INFO: Girl10 is looking guy Boy12
10/04/2017 02:18:36 AM root   INFO: Girl10 is looking guy Boy13
10/04/2017 02:18:36 AM root   INFO: Girl10 is looking guy Boy14
10/04/2017 02:18:36 AM root   INFO: Girl10 is looking guy Boy15
10/04/2017 02:18:36 AM root   INFO: Girl10 is looking guy Boy16
10/04/2017 02:18:36 AM root   INFO: Girl10 is looking guy Boy17
10/04/2017 02:18:36 AM root   INFO: Girl10 is looking guy Boy18
10/04/2017 02:18:36 AM root   INFO: Girl10 is looking guy Boy19
10/04/2017 02:18:36 AM root   INFO: Girl10 is in realtionship with Boy19
10/04/2017 02:18:36 AM root   INFO: Girl11 is looking guy Boy1
10/04/2017 02:18:36 AM root   INFO: Girl11 is looking guy Boy2
10/04/2017 02:18:36 AM root   INFO: Girl11 is looking guy Boy3
10/04/2017 02:18:36 AM root   INFO: Girl11 is looking guy Boy4
10/04/2017 02:18:36 AM root   INFO: Girl11 is looking guy Boy5
10/04/2017 02:18:36 AM root   INFO: Girl11 is looking guy Boy6
10/04/2017 02:18:36 AM root   INFO: Girl11 is looking guy Boy7
10/04/2017 02:18:36 AM root   INFO: Girl11 is looking guy Boy8
10/04/2017 02:18:36 AM root   INFO: Girl11 is looking guy Boy9
10/04/2017 02:18:36 AM root   INFO: Girl11 is looking guy Boy10
10/04/2017 02:18:36 AM root   INFO: Girl11 is looking guy Boy11
10/04/2017 02:18:36 AM root   INFO: Girl11 is in realtionship with Boy11
10/04/2017 02:18:36 AM root   INFO: Girl12 is looking guy Boy1
10/04/2017 02:18:36 AM root   INFO: Girl12 is looking guy Boy2
10/04/2017 02:18:36 AM root   INFO: Girl12 is looking guy Boy3
10/04/2017 02:18:36 AM root   INFO: Girl12 is looking guy Boy4
10/04/2017 02:18:36 AM root   INFO: Girl12 is looking guy Boy5
10/04/2017 02:18:36 AM root   INFO: Girl12 is in realtionship with Boy5
10/04/2017 02:18:36 AM root   INFO: Girl13 is looking guy Boy1
10/04/2017 02:18:36 AM root   INFO: Girl13 is looking guy Boy2
10/04/2017 02:18:36 AM root   INFO: Girl13 is looking guy Boy3
10/04/2017 02:18:36 AM root   INFO: Girl13 is looking guy Boy4
10/04/2017 02:18:36 AM root   INFO: Girl13 is looking guy Boy5
10/04/2017 02:18:36 AM root   INFO: Girl13 is looking guy Boy6
10/04/2017 02:18:36 AM root   INFO: Girl13 is looking guy Boy7
10/04/2017 02:18:36 AM root   INFO: Girl13 is looking guy Boy8
10/04/2017 02:18:36 AM root   INFO: Girl13 is looking guy Boy9
10/04/2017 02:18:36 AM root   INFO: Girl13 is looking guy Boy10
10/04/2017 02:18:36 AM root   INFO: Girl13 is looking guy Boy11
10/04/2017 02:18:36 AM root   INFO: Girl13 is looking guy Boy12
10/04/2017 02:18:36 AM root   INFO: Girl13 is looking guy Boy13
10/04/2017 02:18:36 AM root   INFO: Girl13 is looking guy Boy14
10/04/2017 02:18:36 AM root   INFO: Girl13 is looking guy Boy15
10/04/2017 02:18:36 AM root   INFO: Girl13 is looking guy Boy16
10/04/2017 02:18:36 AM root   INFO: Girl13 is looking guy Boy17
10/04/2017 02:18:36 AM root   INFO: Girl13 is looking guy Boy18
10/04/2017 02:18:36 AM root   INFO: Girl13 is looking guy Boy19
10/04/2017 02:18:36 AM root   INFO: Girl13 is looking guy Boy20
10/04/2017 02:18:36 AM root   INFO: Girl13 is looking guy Boy21
10/04/2017 02:18:36 AM root   INFO: Girl13 is looking guy Boy22
10/04/2017 02:18:36 AM root   INFO: Girl13 is looking guy Boy23
10/04/2017 02:18:36 AM root   INFO: Girl13 is looking guy Boy24
10/04/2017 02:18:36 AM root   INFO: Girl13 is looking guy Boy25
10/04/2017 02:18:36 AM root   INFO: Girl13 is looking guy Boy26
10/04/2017 02:18:36 AM root   INFO: Girl13 is looking guy Boy27
10/04/2017 02:18:36 AM root   INFO: Girl13 is looking guy Boy28
10/04/2017 02:18:36 AM root   INFO: Girl13 is looking guy Boy29
10/04/2017 02:18:36 AM root   INFO: Girl13 is looking guy Boy30
10/04/2017 02:18:36 AM root   INFO: Girl13 is looking guy Boy31
10/04/2017 02:18:36 AM root   INFO: Girl13 is looking guy Boy32
10/04/2017 02:18:36 AM root   INFO: Girl13 is looking guy Boy33
10/04/2017 02:18:36 AM root   INFO: Girl13 is looking guy Boy34
10/04/2017 02:18:36 AM root   INFO: Girl13 is looking guy Boy35
10/04/2017 02:18:36 AM root   INFO: Girl13 is looking guy Boy36
10/04/2017 02:18:36 AM root   INFO: Girl13 is looking guy Boy37
10/04/2017 02:18:36 AM root   INFO: Girl13 is looking guy Boy38
10/04/2017 02:18:36 AM root   INFO: Girl13 is in realtionship with Boy38
10/04/2017 02:18:36 AM root   INFO: Girl14 is looking guy Boy1
10/04/2017 02:18:36 AM root   INFO: Girl14 is looking guy Boy2
10/04/2017 02:18:36 AM root   INFO: Girl14 is looking guy Boy3
10/04/2017 02:18:36 AM root   INFO: Girl14 is looking guy Boy4
10/04/2017 02:18:36 AM root   INFO: Girl14 is looking guy Boy5
10/04/2017 02:18:36 AM root   INFO: Girl14 is looking guy Boy6
10/04/2017 02:18:36 AM root   INFO: Girl14 is looking guy Boy7
10/04/2017 02:18:36 AM root   INFO: Girl14 is looking guy Boy8
10/04/2017 02:18:36 AM root   INFO: Girl14 is looking guy Boy9
10/04/2017 02:18:36 AM root   INFO: Girl14 is looking guy Boy10
10/04/2017 02:18:36 AM root   INFO: Girl14 is looking guy Boy11
10/04/2017 02:18:36 AM root   INFO: Girl14 is looking guy Boy12
10/04/2017 02:18:36 AM root   INFO: Girl14 is looking guy Boy13
10/04/2017 02:18:36 AM root   INFO: Girl14 is looking guy Boy14
10/04/2017 02:18:36 AM root   INFO: Girl14 is looking guy Boy15
10/04/2017 02:18:36 AM root   INFO: Girl14 is looking guy Boy16
10/04/2017 02:18:36 AM root   INFO: Girl14 is looking guy Boy17
10/04/2017 02:18:36 AM root   INFO: Girl14 is looking guy Boy18
10/04/2017 02:18:36 AM root   INFO: Girl14 is looking guy Boy19
10/04/2017 02:18:36 AM root   INFO: Girl14 is looking guy Boy20
10/04/2017 02:18:36 AM root   INFO: Girl14 is looking guy Boy21
10/04/2017 02:18:36 AM root   INFO: Girl14 is looking guy Boy22
10/04/2017 02:18:36 AM root   INFO: Girl14 is looking guy Boy23
10/04/2017 02:18:36 AM root   INFO: Girl14 is looking guy Boy24
10/04/2017 02:18:36 AM root   INFO: Girl14 is looking guy Boy25
10/04/2017 02:18:36 AM root   INFO: Girl14 is looking guy Boy26
10/04/2017 02:18:36 AM root   INFO: Girl14 is looking guy Boy27
10/04/2017 02:18:36 AM root   INFO: Girl14 is looking guy Boy28
10/04/2017 02:18:36 AM root   INFO: Girl14 is looking guy Boy29
10/04/2017 02:18:36 AM root   INFO: Girl14 is looking guy Boy30
10/04/2017 02:18:36 AM root   INFO: Girl14 is looking guy Boy31
10/04/2017 02:18:36 AM root   INFO: Girl14 is looking guy Boy32
10/04/2017 02:18:36 AM root   INFO: Girl14 is looking guy Boy33
10/04/2017 02:18:36 AM root   INFO: Girl14 is looking guy Boy34
10/04/2017 02:18:36 AM root   INFO: Girl14 is looking guy Boy35
10/04/2017 02:18:36 AM root   INFO: Girl14 is looking guy Boy36
10/04/2017 02:18:36 AM root   INFO: Girl14 is looking guy Boy37
10/04/2017 02:18:36 AM root   INFO: Girl14 is looking guy Boy38
10/04/2017 02:18:36 AM root   INFO: Girl14 is looking guy Boy39
10/04/2017 02:18:36 AM root   INFO: Girl14 is looking guy Boy40
10/04/2017 02:18:36 AM root   INFO: Girl14 is looking guy Boy41
10/04/2017 02:18:36 AM root   INFO: Girl14 is looking guy Boy42
10/04/2017 02:18:36 AM root   INFO: Girl14 is looking guy Boy43
10/04/2017 02:18:36 AM root   INFO: Girl14 is looking guy Boy44
10/04/2017 02:18:36 AM root   INFO: Girl14 is looking guy Boy45
10/04/2017 02:18:36 AM root   INFO: Girl14 is looking guy Boy46
10/04/2017 02:18:36 AM root   INFO: Girl14 is looking guy Boy47
10/04/2017 02:18:36 AM root   INFO: Girl14 is looking guy Boy48
10/04/2017 02:18:36 AM root   INFO: Girl14 is looking guy Boy49
10/04/2017 02:18:36 AM root   INFO: Girl14 is looking guy Boy50
10/04/2017 02:18:36 AM root   INFO: Girl14 is looking guy Boy51
10/04/2017 02:18:36 AM root   INFO: Girl14 is looking guy Boy52
10/04/2017 02:18:36 AM root   INFO: Girl14 is looking guy Boy53
10/04/2017 02:18:36 AM root   INFO: Girl14 is looking guy Boy54
10/04/2017 02:18:36 AM root   INFO: Girl14 is looking guy Boy55
10/04/2017 02:18:36 AM root   INFO: Girl14 is looking guy Boy56
10/04/2017 02:18:36 AM root   INFO: Girl14 is looking guy Boy57
10/04/2017 02:18:36 AM root   INFO: Girl14 is looking guy Boy58
10/04/2017 02:18:36 AM root   INFO: Girl14 is looking guy Boy59
10/04/2017 02:18:36 AM root   INFO: Girl14 is looking guy Boy60
10/04/2017 02:18:36 AM root   INFO: Girl14 is looking guy Boy61
10/04/2017 02:18:36 AM root   INFO: Girl14 is looking guy Boy62
10/04/2017 02:18:36 AM root   INFO: Girl14 is looking guy Boy63
10/04/2017 02:18:36 AM root   INFO: Girl14 is looking guy Boy64
10/04/2017 02:18:36 AM root   INFO: Girl14 is looking guy Boy65
10/04/2017 02:18:36 AM root   INFO: Girl14 is looking guy Boy66
10/04/2017 02:18:36 AM root   INFO: Girl14 is looking guy Boy67
10/04/2017 02:18:36 AM root   INFO: Girl14 is looking guy Boy68
10/04/2017 02:18:36 AM root   INFO: Girl14 is looking guy Boy69
10/04/2017 02:18:36 AM root   INFO: Girl14 is looking guy Boy70
10/04/2017 02:18:36 AM root   INFO: Girl14 is looking guy Boy71
10/04/2017 02:18:36 AM root   INFO: Girl14 is looking guy Boy72
10/04/2017 02:18:36 AM root   INFO: Girl14 is looking guy Boy73
10/04/2017 02:18:36 AM root   INFO: Girl14 is looking guy Boy74
10/04/2017 02:18:36 AM root   INFO: Girl14 is looking guy Boy75
10/04/2017 02:18:36 AM root   INFO: Girl14 is looking guy Boy76
10/04/2017 02:18:36 AM root   INFO: Girl14 is looking guy Boy77
10/04/2017 02:18:36 AM root   INFO: Girl14 is looking guy Boy78
10/04/2017 02:18:36 AM root   INFO: Girl14 is looking guy Boy79
10/04/2017 02:18:36 AM root   INFO: Girl14 is looking guy Boy80
10/04/2017 02:18:36 AM root   INFO: Girl14 is looking guy Boy81
10/04/2017 02:18:36 AM root   INFO: Girl14 is looking guy Boy82
10/04/2017 02:18:36 AM root   INFO: Girl14 is looking guy Boy83
10/04/2017 02:18:36 AM root   INFO: Girl14 is looking guy Boy84
10/04/2017 02:18:36 AM root   INFO: Girl14 is looking guy Boy85
10/04/2017 02:18:36 AM root   INFO: Girl14 is looking guy Boy86
10/04/2017 02:18:36 AM root   INFO: Girl14 is looking guy Boy87
10/04/2017 02:18:36 AM root   INFO: Girl14 is looking guy Boy88
10/04/2017 02:18:36 AM root   INFO: Girl14 is looking guy Boy89
10/04/2017 02:18:36 AM root   INFO: Girl14 is looking guy Boy90
10/04/2017 02:18:36 AM root   INFO: Girl14 is looking guy Boy91
10/04/2017 02:18:36 AM root   INFO: Girl14 is looking guy Boy92
10/04/2017 02:18:36 AM root   INFO: Girl14 is looking guy Boy93
10/04/2017 02:18:36 AM root   INFO: Girl14 is looking guy Boy94
10/04/2017 02:18:36 AM root   INFO: Girl14 is looking guy Boy95
10/04/2017 02:18:36 AM root   INFO: Girl14 is looking guy Boy96
10/04/2017 02:18:36 AM root   INFO: Girl14 is looking guy Boy97
10/04/2017 02:18:36 AM root   INFO: Girl14 is looking guy Boy98
10/04/2017 02:18:36 AM root   INFO: Girl14 is looking guy Boy99
10/04/2017 02:18:36 AM root   INFO: Girl14 is looking guy Boy100
10/04/2017 02:18:36 AM root   INFO: Girl14 is looking guy Boy101
10/04/2017 02:18:36 AM root   INFO: Girl14 is looking guy Boy102
10/04/2017 02:18:36 AM root   INFO: Girl14 is looking guy Boy103
10/04/2017 02:18:36 AM root   INFO: Girl14 is looking guy Boy104
10/04/2017 02:18:36 AM root   INFO: Girl14 is looking guy Boy105
10/04/2017 02:18:36 AM root   INFO: Girl14 is looking guy Boy106
10/04/2017 02:18:36 AM root   INFO: Girl14 is looking guy Boy107
10/04/2017 02:18:36 AM root   INFO: Girl14 is looking guy Boy108
10/04/2017 02:18:36 AM root   INFO: Girl14 is looking guy Boy109
10/04/2017 02:18:36 AM root   INFO: Girl14 is looking guy Boy110
10/04/2017 02:18:36 AM root   INFO: Girl14 is looking guy Boy111
10/04/2017 02:18:36 AM root   INFO: Girl14 is looking guy Boy112
10/04/2017 02:18:36 AM root   INFO: Girl14 is looking guy Boy113
10/04/2017 02:18:36 AM root   INFO: Girl14 is looking guy Boy114
10/04/2017 02:18:36 AM root   INFO: Girl14 is looking guy Boy115
10/04/2017 02:18:36 AM root   INFO: Girl14 is looking guy Boy116
10/04/2017 02:18:36 AM root   INFO: Girl14 is looking guy Boy117
10/04/2017 02:18:36 AM root   INFO: Girl14 is looking guy Boy118
10/04/2017 02:18:36 AM root   INFO: Girl14 is looking guy Boy119
10/04/2017 02:18:36 AM root   INFO: Girl14 is looking guy Boy120
10/04/2017 02:18:36 AM root   INFO: Girl14 is looking guy Boy121
10/04/2017 02:18:36 AM root   INFO: Girl14 is looking guy Boy122
10/04/2017 02:18:36 AM root   INFO: Girl14 is looking guy Boy123
10/04/2017 02:18:36 AM root   INFO: Girl14 is looking guy Boy124
10/04/2017 02:18:36 AM root   INFO: Girl14 is looking guy Boy125
10/04/2017 02:18:36 AM root   INFO: Girl14 is looking guy Boy126
10/04/2017 02:18:36 AM root   INFO: Girl14 is looking guy Boy127
10/04/2017 02:18:36 AM root   INFO: Girl14 is looking guy Boy128
10/04/2017 02:18:36 AM root   INFO: Girl14 is looking guy Boy129
10/04/2017 02:18:36 AM root   INFO: Girl14 is looking guy Boy130
10/04/2017 02:18:36 AM root   INFO: Girl14 is looking guy Boy131
10/04/2017 02:18:36 AM root   INFO: Girl14 is looking guy Boy132
10/04/2017 02:18:36 AM root   INFO: Girl14 is looking guy Boy133
10/04/2017 02:18:36 AM root   INFO: Girl14 is looking guy Boy134
10/04/2017 02:18:36 AM root   INFO: Girl14 is looking guy Boy135
10/04/2017 02:18:36 AM root   INFO: Girl14 is looking guy Boy136
10/04/2017 02:18:36 AM root   INFO: Girl14 is looking guy Boy137
10/04/2017 02:18:36 AM root   INFO: Girl14 is looking guy Boy138
10/04/2017 02:18:36 AM root   INFO: Girl14 is looking guy Boy139
10/04/2017 02:18:36 AM root   INFO: Girl14 is looking guy Boy140
10/04/2017 02:18:36 AM root   INFO: Girl14 is looking guy Boy141
10/04/2017 02:18:36 AM root   INFO: Girl14 is looking guy Boy142
10/04/2017 02:18:36 AM root   INFO: Girl14 is looking guy Boy143
10/04/2017 02:18:36 AM root   INFO: Girl14 is looking guy Boy144
10/04/2017 02:18:36 AM root   INFO: Girl14 is looking guy Boy145
10/04/2017 02:18:36 AM root   INFO: Girl14 is looking guy Boy146
10/04/2017 02:18:36 AM root   INFO: Girl14 is looking guy Boy147
10/04/2017 02:18:36 AM root   INFO: Girl14 is looking guy Boy148
10/04/2017 02:18:36 AM root   INFO: Girl14 is looking guy Boy149
10/04/2017 02:18:36 AM root   INFO: Girl14 is looking guy Boy150
10/04/2017 02:18:36 AM root   INFO: Girl14 is looking guy Boy151
10/04/2017 02:18:36 AM root   INFO: Girl14 is looking guy Boy152
10/04/2017 02:18:36 AM root   INFO: Girl14 is looking guy Boy153
10/04/2017 02:18:36 AM root   INFO: Girl14 is looking guy Boy154
10/04/2017 02:18:36 AM root   INFO: Girl14 is looking guy Boy155
10/04/2017 02:18:36 AM root   INFO: Girl14 is looking guy Boy156
10/04/2017 02:18:36 AM root   INFO: Girl14 is looking guy Boy157
10/04/2017 02:18:36 AM root   INFO: Girl14 is looking guy Boy158
10/04/2017 02:18:36 AM root   INFO: Girl14 is looking guy Boy159
10/04/2017 02:18:36 AM root   INFO: Girl14 is looking guy Boy160
10/04/2017 02:18:36 AM root   INFO: Girl14 is looking guy Boy161
10/04/2017 02:18:36 AM root   INFO: Girl14 is looking guy Boy162
10/04/2017 02:18:36 AM root   INFO: Girl14 is looking guy Boy163
10/04/2017 02:18:36 AM root   INFO: Girl14 is looking guy Boy164
10/04/2017 02:18:36 AM root   INFO: Girl14 is looking guy Boy165
10/04/2017 02:18:36 AM root   INFO: Girl14 is looking guy Boy166
10/04/2017 02:18:36 AM root   INFO: Girl14 is looking guy Boy167
10/04/2017 02:18:36 AM root   INFO: Girl14 is looking guy Boy168
10/04/2017 02:18:36 AM root   INFO: Girl14 is looking guy Boy169
10/04/2017 02:18:36 AM root   INFO: Girl14 is looking guy Boy170
10/04/2017 02:18:36 AM root   INFO: Girl14 is looking guy Boy171
10/04/2017 02:18:36 AM root   INFO: Girl14 is looking guy Boy172
10/04/2017 02:18:36 AM root   INFO: Girl14 is looking guy Boy173
10/04/2017 02:18:36 AM root   INFO: Girl14 is looking guy Boy174
10/04/2017 02:18:36 AM root   INFO: Girl14 is looking guy Boy175
10/04/2017 02:18:36 AM root   INFO: Girl14 is looking guy Boy176
10/04/2017 02:18:36 AM root   INFO: Girl14 is looking guy Boy177
10/04/2017 02:18:36 AM root   INFO: Girl14 is looking guy Boy178
10/04/2017 02:18:36 AM root   INFO: Girl14 is looking guy Boy179
10/04/2017 02:18:36 AM root   INFO: Girl14 is looking guy Boy180
10/04/2017 02:18:36 AM root   INFO: Girl14 is looking guy Boy181
10/04/2017 02:18:36 AM root   INFO: Girl14 is looking guy Boy182
10/04/2017 02:18:36 AM root   INFO: Girl14 is looking guy Boy183
10/04/2017 02:18:36 AM root   INFO: Girl14 is looking guy Boy184
10/04/2017 02:18:36 AM root   INFO: Girl14 is looking guy Boy185
10/04/2017 02:18:36 AM root   INFO: Girl14 is looking guy Boy186
10/04/2017 02:18:36 AM root   INFO: Girl14 is looking guy Boy187
10/04/2017 02:18:36 AM root   INFO: Girl14 is looking guy Boy188
10/04/2017 02:18:36 AM root   INFO: Girl14 is looking guy Boy189
10/04/2017 02:18:36 AM root   INFO: Girl14 is looking guy Boy190
10/04/2017 02:18:36 AM root   INFO: Girl14 is looking guy Boy191
10/04/2017 02:18:36 AM root   INFO: Girl14 is looking guy Boy192
10/04/2017 02:18:36 AM root   INFO: Girl14 is looking guy Boy193
10/04/2017 02:18:36 AM root   INFO: Girl14 is looking guy Boy194
10/04/2017 02:18:36 AM root   INFO: Girl14 is looking guy Boy195
10/04/2017 02:18:36 AM root   INFO: Girl14 is looking guy Boy196
10/04/2017 02:18:36 AM root   INFO: Girl14 is looking guy Boy197
10/04/2017 02:18:36 AM root   INFO: Girl14 is looking guy Boy198
10/04/2017 02:18:36 AM root   INFO: Girl14 is looking guy Boy199
10/04/2017 02:18:36 AM root   INFO: Girl14 is looking guy Boy200
10/04/2017 02:18:36 AM root   INFO: Girl15 is looking guy Boy1
10/04/2017 02:18:36 AM root   INFO: Girl15 is looking guy Boy2
10/04/2017 02:18:36 AM root   INFO: Girl15 is looking guy Boy3
10/04/2017 02:18:36 AM root   INFO: Girl15 is looking guy Boy4
10/04/2017 02:18:36 AM root   INFO: Girl15 is looking guy Boy5
10/04/2017 02:18:36 AM root   INFO: Girl15 is looking guy Boy6
10/04/2017 02:18:36 AM root   INFO: Girl15 is looking guy Boy7
10/04/2017 02:18:36 AM root   INFO: Girl15 is looking guy Boy8
10/04/2017 02:18:36 AM root   INFO: Girl15 is looking guy Boy9
10/04/2017 02:18:36 AM root   INFO: Girl15 is looking guy Boy10
10/04/2017 02:18:36 AM root   INFO: Girl15 is looking guy Boy11
10/04/2017 02:18:36 AM root   INFO: Girl15 is looking guy Boy12
10/04/2017 02:18:36 AM root   INFO: Girl15 is looking guy Boy13
10/04/2017 02:18:36 AM root   INFO: Girl15 is looking guy Boy14
10/04/2017 02:18:36 AM root   INFO: Girl15 is looking guy Boy15
10/04/2017 02:18:36 AM root   INFO: Girl15 is looking guy Boy16
10/04/2017 02:18:36 AM root   INFO: Girl15 is looking guy Boy17
10/04/2017 02:18:36 AM root   INFO: Girl15 is looking guy Boy18
10/04/2017 02:18:36 AM root   INFO: Girl15 is looking guy Boy19
10/04/2017 02:18:36 AM root   INFO: Girl15 is looking guy Boy20
10/04/2017 02:18:36 AM root   INFO: Girl15 is looking guy Boy21
10/04/2017 02:18:36 AM root   INFO: Girl15 is looking guy Boy22
10/04/2017 02:18:36 AM root   INFO: Girl15 is looking guy Boy23
10/04/2017 02:18:36 AM root   INFO: Girl15 is looking guy Boy24
10/04/2017 02:18:36 AM root   INFO: Girl15 is looking guy Boy25
10/04/2017 02:18:36 AM root   INFO: Girl15 is looking guy Boy26
10/04/2017 02:18:36 AM root   INFO: Girl15 is looking guy Boy27
10/04/2017 02:18:36 AM root   INFO: Girl15 is looking guy Boy28
10/04/2017 02:18:36 AM root   INFO: Girl15 is in realtionship with Boy28
10/04/2017 02:18:36 AM root   INFO: Girl16 is looking guy Boy1
10/04/2017 02:18:36 AM root   INFO: Girl16 is looking guy Boy2
10/04/2017 02:18:36 AM root   INFO: Girl16 is looking guy Boy3
10/04/2017 02:18:36 AM root   INFO: Girl16 is looking guy Boy4
10/04/2017 02:18:36 AM root   INFO: Girl16 is looking guy Boy5
10/04/2017 02:18:36 AM root   INFO: Girl16 is looking guy Boy6
10/04/2017 02:18:36 AM root   INFO: Girl16 is looking guy Boy7
10/04/2017 02:18:36 AM root   INFO: Girl16 is looking guy Boy8
10/04/2017 02:18:36 AM root   INFO: Girl16 is looking guy Boy9
10/04/2017 02:18:36 AM root   INFO: Girl16 is looking guy Boy10
10/04/2017 02:18:36 AM root   INFO: Girl16 is looking guy Boy11
10/04/2017 02:18:36 AM root   INFO: Girl16 is looking guy Boy12
10/04/2017 02:18:36 AM root   INFO: Girl16 is looking guy Boy13
10/04/2017 02:18:36 AM root   INFO: Girl16 is looking guy Boy14
10/04/2017 02:18:36 AM root   INFO: Girl16 is looking guy Boy15
10/04/2017 02:18:36 AM root   INFO: Girl16 is looking guy Boy16
10/04/2017 02:18:36 AM root   INFO: Girl16 is looking guy Boy17
10/04/2017 02:18:36 AM root   INFO: Girl16 is looking guy Boy18
10/04/2017 02:18:36 AM root   INFO: Girl16 is looking guy Boy19
10/04/2017 02:18:36 AM root   INFO: Girl16 is looking guy Boy20
10/04/2017 02:18:36 AM root   INFO: Girl16 is looking guy Boy21
10/04/2017 02:18:36 AM root   INFO: Girl16 is looking guy Boy22
10/04/2017 02:18:36 AM root   INFO: Girl16 is in realtionship with Boy22
10/04/2017 02:18:36 AM root   INFO: Girl17 is looking guy Boy1
10/04/2017 02:18:36 AM root   INFO: Girl17 is looking guy Boy2
10/04/2017 02:18:36 AM root   INFO: Girl17 is looking guy Boy3
10/04/2017 02:18:36 AM root   INFO: Girl17 is looking guy Boy4
10/04/2017 02:18:36 AM root   INFO: Girl17 is looking guy Boy5
10/04/2017 02:18:36 AM root   INFO: Girl17 is looking guy Boy6
10/04/2017 02:18:36 AM root   INFO: Girl17 is looking guy Boy7
10/04/2017 02:18:36 AM root   INFO: Girl17 is looking guy Boy8
10/04/2017 02:18:36 AM root   INFO: Girl17 is looking guy Boy9
10/04/2017 02:18:36 AM root   INFO: Girl17 is looking guy Boy10
10/04/2017 02:18:36 AM root   INFO: Girl17 is looking guy Boy11
10/04/2017 02:18:36 AM root   INFO: Girl17 is looking guy Boy12
10/04/2017 02:18:36 AM root   INFO: Girl17 is looking guy Boy13
10/04/2017 02:18:36 AM root   INFO: Girl17 is looking guy Boy14
10/04/2017 02:18:36 AM root   INFO: Girl17 is looking guy Boy15
10/04/2017 02:18:36 AM root   INFO: Girl17 is looking guy Boy16
10/04/2017 02:18:36 AM root   INFO: Girl17 is looking guy Boy17
10/04/2017 02:18:36 AM root   INFO: Girl17 is looking guy Boy18
10/04/2017 02:18:36 AM root   INFO: Girl17 is looking guy Boy19
10/04/2017 02:18:36 AM root   INFO: Girl17 is looking guy Boy20
10/04/2017 02:18:36 AM root   INFO: Girl17 is looking guy Boy21
10/04/2017 02:18:36 AM root   INFO: Girl17 is looking guy Boy22
10/04/2017 02:18:36 AM root   INFO: Girl17 is looking guy Boy23
10/04/2017 02:18:36 AM root   INFO: Girl17 is looking guy Boy24
10/04/2017 02:18:36 AM root   INFO: Girl17 is looking guy Boy25
10/04/2017 02:18:36 AM root   INFO: Girl17 is looking guy Boy26
10/04/2017 02:18:36 AM root   INFO: Girl17 is looking guy Boy27
10/04/2017 02:18:36 AM root   INFO: Girl17 is looking guy Boy28
10/04/2017 02:18:36 AM root   INFO: Girl17 is looking guy Boy29
10/04/2017 02:18:36 AM root   INFO: Girl17 is looking guy Boy30
10/04/2017 02:18:36 AM root   INFO: Girl17 is looking guy Boy31
10/04/2017 02:18:36 AM root   INFO: Girl17 is looking guy Boy32
10/04/2017 02:18:36 AM root   INFO: Girl17 is looking guy Boy33
10/04/2017 02:18:36 AM root   INFO: Girl17 is looking guy Boy34
10/04/2017 02:18:36 AM root   INFO: Girl17 is looking guy Boy35
10/04/2017 02:18:36 AM root   INFO: Girl17 is looking guy Boy36
10/04/2017 02:18:36 AM root   INFO: Girl17 is looking guy Boy37
10/04/2017 02:18:36 AM root   INFO: Girl17 is looking guy Boy38
10/04/2017 02:18:36 AM root   INFO: Girl17 is looking guy Boy39
10/04/2017 02:18:36 AM root   INFO: Girl17 is looking guy Boy40
10/04/2017 02:18:36 AM root   INFO: Girl17 is looking guy Boy41
10/04/2017 02:18:36 AM root   INFO: Girl17 is looking guy Boy42
10/04/2017 02:18:36 AM root   INFO: Girl17 is looking guy Boy43
10/04/2017 02:18:36 AM root   INFO: Girl17 is looking guy Boy44
10/04/2017 02:18:36 AM root   INFO: Girl17 is looking guy Boy45
10/04/2017 02:18:36 AM root   INFO: Girl17 is looking guy Boy46
10/04/2017 02:18:36 AM root   INFO: Girl17 is looking guy Boy47
10/04/2017 02:18:36 AM root   INFO: Girl17 is looking guy Boy48
10/04/2017 02:18:36 AM root   INFO: Girl17 is looking guy Boy49
10/04/2017 02:18:36 AM root   INFO: Girl17 is looking guy Boy50
10/04/2017 02:18:36 AM root   INFO: Girl17 is looking guy Boy51
10/04/2017 02:18:36 AM root   INFO: Girl17 is looking guy Boy52
10/04/2017 02:18:36 AM root   INFO: Girl17 is looking guy Boy53
10/04/2017 02:18:36 AM root   INFO: Girl17 is looking guy Boy54
10/04/2017 02:18:36 AM root   INFO: Girl17 is looking guy Boy55
10/04/2017 02:18:36 AM root   INFO: Girl17 is looking guy Boy56
10/04/2017 02:18:36 AM root   INFO: Girl17 is looking guy Boy57
10/04/2017 02:18:36 AM root   INFO: Girl17 is looking guy Boy58
10/04/2017 02:18:36 AM root   INFO: Girl17 is looking guy Boy59
10/04/2017 02:18:36 AM root   INFO: Girl17 is looking guy Boy60
10/04/2017 02:18:36 AM root   INFO: Girl17 is looking guy Boy61
10/04/2017 02:18:36 AM root   INFO: Girl17 is looking guy Boy62
10/04/2017 02:18:36 AM root   INFO: Girl17 is looking guy Boy63
10/04/2017 02:18:36 AM root   INFO: Girl17 is looking guy Boy64
10/04/2017 02:18:36 AM root   INFO: Girl17 is looking guy Boy65
10/04/2017 02:18:36 AM root   INFO: Girl17 is looking guy Boy66
10/04/2017 02:18:36 AM root   INFO: Girl17 is looking guy Boy67
10/04/2017 02:18:36 AM root   INFO: Girl17 is looking guy Boy68
10/04/2017 02:18:36 AM root   INFO: Girl17 is looking guy Boy69
10/04/2017 02:18:36 AM root   INFO: Girl17 is looking guy Boy70
10/04/2017 02:18:36 AM root   INFO: Girl17 is looking guy Boy71
10/04/2017 02:18:36 AM root   INFO: Girl17 is looking guy Boy72
10/04/2017 02:18:36 AM root   INFO: Girl17 is looking guy Boy73
10/04/2017 02:18:36 AM root   INFO: Girl17 is looking guy Boy74
10/04/2017 02:18:36 AM root   INFO: Girl17 is looking guy Boy75
10/04/2017 02:18:36 AM root   INFO: Girl17 is looking guy Boy76
10/04/2017 02:18:36 AM root   INFO: Girl17 is looking guy Boy77
10/04/2017 02:18:36 AM root   INFO: Girl17 is looking guy Boy78
10/04/2017 02:18:36 AM root   INFO: Girl17 is looking guy Boy79
10/04/2017 02:18:36 AM root   INFO: Girl17 is looking guy Boy80
10/04/2017 02:18:36 AM root   INFO: Girl17 is looking guy Boy81
10/04/2017 02:18:36 AM root   INFO: Girl17 is looking guy Boy82
10/04/2017 02:18:36 AM root   INFO: Girl17 is looking guy Boy83
10/04/2017 02:18:36 AM root   INFO: Girl17 is looking guy Boy84
10/04/2017 02:18:36 AM root   INFO: Girl17 is looking guy Boy85
10/04/2017 02:18:36 AM root   INFO: Girl17 is looking guy Boy86
10/04/2017 02:18:36 AM root   INFO: Girl17 is looking guy Boy87
10/04/2017 02:18:36 AM root   INFO: Girl17 is looking guy Boy88
10/04/2017 02:18:36 AM root   INFO: Girl17 is looking guy Boy89
10/04/2017 02:18:36 AM root   INFO: Girl17 is looking guy Boy90
10/04/2017 02:18:36 AM root   INFO: Girl17 is looking guy Boy91
10/04/2017 02:18:36 AM root   INFO: Girl17 is looking guy Boy92
10/04/2017 02:18:36 AM root   INFO: Girl17 is looking guy Boy93
10/04/2017 02:18:36 AM root   INFO: Girl17 is looking guy Boy94
10/04/2017 02:18:36 AM root   INFO: Girl17 is looking guy Boy95
10/04/2017 02:18:36 AM root   INFO: Girl17 is looking guy Boy96
10/04/2017 02:18:36 AM root   INFO: Girl17 is looking guy Boy97
10/04/2017 02:18:36 AM root   INFO: Girl17 is looking guy Boy98
10/04/2017 02:18:36 AM root   INFO: Girl17 is looking guy Boy99
10/04/2017 02:18:36 AM root   INFO: Girl17 is looking guy Boy100
10/04/2017 02:18:36 AM root   INFO: Girl17 is looking guy Boy101
10/04/2017 02:18:36 AM root   INFO: Girl17 is looking guy Boy102
10/04/2017 02:18:36 AM root   INFO: Girl17 is looking guy Boy103
10/04/2017 02:18:36 AM root   INFO: Girl17 is looking guy Boy104
10/04/2017 02:18:36 AM root   INFO: Girl17 is looking guy Boy105
10/04/2017 02:18:36 AM root   INFO: Girl17 is looking guy Boy106
10/04/2017 02:18:36 AM root   INFO: Girl17 is looking guy Boy107
10/04/2017 02:18:36 AM root   INFO: Girl17 is looking guy Boy108
10/04/2017 02:18:36 AM root   INFO: Girl17 is looking guy Boy109
10/04/2017 02:18:36 AM root   INFO: Girl17 is looking guy Boy110
10/04/2017 02:18:36 AM root   INFO: Girl17 is looking guy Boy111
10/04/2017 02:18:36 AM root   INFO: Girl17 is looking guy Boy112
10/04/2017 02:18:36 AM root   INFO: Girl17 is looking guy Boy113
10/04/2017 02:18:36 AM root   INFO: Girl17 is looking guy Boy114
10/04/2017 02:18:36 AM root   INFO: Girl17 is looking guy Boy115
10/04/2017 02:18:36 AM root   INFO: Girl17 is looking guy Boy116
10/04/2017 02:18:36 AM root   INFO: Girl17 is looking guy Boy117
10/04/2017 02:18:36 AM root   INFO: Girl17 is looking guy Boy118
10/04/2017 02:18:36 AM root   INFO: Girl17 is looking guy Boy119
10/04/2017 02:18:36 AM root   INFO: Girl17 is looking guy Boy120
10/04/2017 02:18:36 AM root   INFO: Girl17 is looking guy Boy121
10/04/2017 02:18:36 AM root   INFO: Girl17 is in realtionship with Boy121
10/04/2017 02:18:36 AM root   INFO: Girl18 is looking guy Boy1
10/04/2017 02:18:36 AM root   INFO: Girl18 is looking guy Boy2
10/04/2017 02:18:36 AM root   INFO: Girl18 is looking guy Boy3
10/04/2017 02:18:36 AM root   INFO: Girl18 is looking guy Boy4
10/04/2017 02:18:36 AM root   INFO: Girl18 is looking guy Boy5
10/04/2017 02:18:36 AM root   INFO: Girl18 is looking guy Boy6
10/04/2017 02:18:36 AM root   INFO: Girl18 is looking guy Boy7
10/04/2017 02:18:36 AM root   INFO: Girl18 is looking guy Boy8
10/04/2017 02:18:36 AM root   INFO: Girl18 is looking guy Boy9
10/04/2017 02:18:36 AM root   INFO: Girl18 is looking guy Boy10
10/04/2017 02:18:36 AM root   INFO: Girl18 is looking guy Boy11
10/04/2017 02:18:36 AM root   INFO: Girl18 is looking guy Boy12
10/04/2017 02:18:36 AM root   INFO: Girl18 is looking guy Boy13
10/04/2017 02:18:36 AM root   INFO: Girl18 is looking guy Boy14
10/04/2017 02:18:36 AM root   INFO: Girl18 is looking guy Boy15
10/04/2017 02:18:36 AM root   INFO: Girl18 is looking guy Boy16
10/04/2017 02:18:36 AM root   INFO: Girl18 is looking guy Boy17
10/04/2017 02:18:36 AM root   INFO: Girl18 is looking guy Boy18
10/04/2017 02:18:36 AM root   INFO: Girl18 is looking guy Boy19
10/04/2017 02:18:36 AM root   INFO: Girl18 is looking guy Boy20
10/04/2017 02:18:36 AM root   INFO: Girl18 is looking guy Boy21
10/04/2017 02:18:36 AM root   INFO: Girl18 is looking guy Boy22
10/04/2017 02:18:36 AM root   INFO: Girl18 is looking guy Boy23
10/04/2017 02:18:36 AM root   INFO: Girl18 is looking guy Boy24
10/04/2017 02:18:36 AM root   INFO: Girl18 is looking guy Boy25
10/04/2017 02:18:36 AM root   INFO: Girl18 is looking guy Boy26
10/04/2017 02:18:36 AM root   INFO: Girl18 is looking guy Boy27
10/04/2017 02:18:36 AM root   INFO: Girl18 is looking guy Boy28
10/04/2017 02:18:36 AM root   INFO: Girl18 is looking guy Boy29
10/04/2017 02:18:36 AM root   INFO: Girl18 is in realtionship with Boy29
10/04/2017 02:18:36 AM root   INFO: Girl19 is looking guy Boy1
10/04/2017 02:18:36 AM root   INFO: Girl19 is looking guy Boy2
10/04/2017 02:18:36 AM root   INFO: Girl19 is looking guy Boy3
10/04/2017 02:18:36 AM root   INFO: Girl19 is looking guy Boy4
10/04/2017 02:18:36 AM root   INFO: Girl19 is looking guy Boy5
10/04/2017 02:18:36 AM root   INFO: Girl19 is looking guy Boy6
10/04/2017 02:18:36 AM root   INFO: Girl19 is in realtionship with Boy6
10/04/2017 02:18:36 AM root   INFO: Girl20 is looking guy Boy1
10/04/2017 02:18:36 AM root   INFO: Girl20 is looking guy Boy2
10/04/2017 02:18:36 AM root   INFO: Girl20 is looking guy Boy3
10/04/2017 02:18:36 AM root   INFO: Girl20 is looking guy Boy4
10/04/2017 02:18:36 AM root   INFO: Girl20 is looking guy Boy5
10/04/2017 02:18:36 AM root   INFO: Girl20 is looking guy Boy6
10/04/2017 02:18:36 AM root   INFO: Girl20 is looking guy Boy7
10/04/2017 02:18:36 AM root   INFO: Girl20 is looking guy Boy8
10/04/2017 02:18:36 AM root   INFO: Girl20 is looking guy Boy9
10/04/2017 02:18:36 AM root   INFO: Girl20 is looking guy Boy10
10/04/2017 02:18:36 AM root   INFO: Girl20 is looking guy Boy11
10/04/2017 02:18:36 AM root   INFO: Girl20 is looking guy Boy12
10/04/2017 02:18:36 AM root   INFO: Girl20 is looking guy Boy13
10/04/2017 02:18:36 AM root   INFO: Girl20 is looking guy Boy14
10/04/2017 02:18:36 AM root   INFO: Girl20 is looking guy Boy15
10/04/2017 02:18:36 AM root   INFO: Girl20 is looking guy Boy16
10/04/2017 02:18:36 AM root   INFO: Girl20 is looking guy Boy17
10/04/2017 02:18:36 AM root   INFO: Girl20 is looking guy Boy18
10/04/2017 02:18:36 AM root   INFO: Girl20 is looking guy Boy19
10/04/2017 02:18:36 AM root   INFO: Girl20 is looking guy Boy20
10/04/2017 02:18:36 AM root   INFO: Girl20 is looking guy Boy21
10/04/2017 02:18:36 AM root   INFO: Girl20 is looking guy Boy22
10/04/2017 02:18:36 AM root   INFO: Girl20 is looking guy Boy23
10/04/2017 02:18:36 AM root   INFO: Girl20 is in realtionship with Boy23
10/04/2017 02:18:36 AM root   INFO: Boy9 give a Essential to the Girl2
10/04/2017 02:18:36 AM root   INFO: Boy9 give a Essential to the Girl2
10/04/2017 02:18:36 AM root   INFO: Boy9 give a Luxury to the Girl2
10/04/2017 02:18:36 AM root   INFO: Boy2 give a Essential to the Girl3
10/04/2017 02:18:36 AM root   INFO: Boy2 give a Luxury to the Girl3
10/04/2017 02:18:36 AM root   INFO: Boy27 give a Essential to the Girl7
10/04/2017 02:18:36 AM root   INFO: Boy27 give a Luxury to the Girl7
10/04/2017 02:18:36 AM root   INFO: Boy27 give a Essential to the Girl7
10/04/2017 02:18:36 AM root   INFO: Boy35 give a Essential to the Girl9
10/04/2017 02:18:36 AM root   INFO: Boy35 give a Luxury to the Girl9
10/04/2017 02:18:36 AM root   INFO: Boy35 give a Luxury to the Girl9
10/04/2017 02:18:36 AM root   INFO: Boy35 give a Luxury to the Girl9
10/04/2017 02:18:36 AM root   INFO: Boy35 give a Essential to the Girl9
10/04/2017 02:18:36 AM root   INFO: Boy35 give a Luxury to the Girl9
10/04/2017 02:18:36 AM root   INFO: Boy19 give a Essential to the Girl10
10/04/2017 02:18:36 AM root   INFO: Boy19 give a Luxury to the Girl10
10/04/2017 02:18:36 AM root   INFO: Boy19 give a Luxury to the Girl10
10/04/2017 02:18:36 AM root   INFO: Boy19 give a Luxury to the Girl10
10/04/2017 02:18:36 AM root   INFO: Boy19 give a Essential to the Girl10
10/04/2017 02:18:36 AM root   INFO: Boy19 give a Luxury to the Girl10
10/04/2017 02:18:36 AM root   INFO: Boy38 give a Essential to the Girl13
10/04/2017 02:18:36 AM root   INFO: Boy38 give a Luxury to the Girl13
10/04/2017 02:18:36 AM root   INFO: Boy38 give a Essential to the Girl13
10/04/2017 02:18:36 AM root   INFO: Boy28 give a Essential to the Girl15
10/04/2017 02:18:36 AM root   INFO: Boy28 give a Luxury to the Girl15
10/04/2017 02:18:36 AM root   INFO: Boy28 give a Luxury to the Girl15
10/04/2017 02:18:36 AM root   INFO: Boy28 give a Essential to the Girl15
10/04/2017 02:18:36 AM root   INFO: Boy28 give a Luxury to the Girl15
10/04/2017 02:18:36 AM root   INFO: Boy121 give a Essential to the Girl17
10/04/2017 02:18:36 AM root   INFO: Boy29 give a Essential to the Girl18
10/04/2017 02:18:36 AM root   INFO: Boy29 give a Luxury to the Girl18
10/04/2017 02:18:36 AM root   INFO: Boy29 give a Luxury to the Girl18
